<?xml version="1.0" encoding="UTF-8"?>
<coverage generated="1617216848240" clover="3.2.0">
  <project timestamp="1617216848240" name="All files">
    <metrics statements="34" coveredstatements="13" conditionals="6" coveredconditionals="1" methods="10" coveredmethods="6" elements="50" coveredelements="20" complexity="0" loc="34" ncloc="34" packages="1" files="2" classes="2"/>
    <file name="app.jsx" path="C:\Users\Enes ATEŞ\Desktop\4 Sınıf 2 Dönem\Web Programlama 2\Hafta 4\odev4\src\app.jsx">
      <metrics statements="2" coveredstatements="0" conditionals="0" coveredconditionals="0" methods="1" coveredmethods="0"/>
      <line num="7" count="0" type="stmt"/>
      <line num="14" count="0" type="stmt"/>
    </file>
    <file name="game.jsx" path="C:\Users\Enes ATEŞ\Desktop\4 Sınıf 2 Dönem\Web Programlama 2\Hafta 4\odev4\src\game.jsx">
      <metrics statements="32" coveredstatements="13" conditionals="6" coveredconditionals="1" methods="9" coveredmethods="6"/>
      <line num="5" count="3" type="stmt"/>
      <line num="6" count="3" type="stmt"/>
      <line num="20" count="3" type="stmt"/>
      <line num="29" count="3" type="stmt"/>
      <line num="30" count="6" type="stmt"/>
      <line num="31" count="2" type="stmt"/>
      <line num="35" count="2" type="cond" truecount="1" falsecount="1"/>
      <line num="36" count="2" type="stmt"/>
      <line num="41" count="2" type="stmt"/>
      <line num="42" count="2" type="stmt"/>
      <line num="43" count="0" type="stmt"/>
      <line num="44" count="0" type="stmt"/>
      <line num="51" count="0" type="stmt"/>
      <line num="52" count="0" type="stmt"/>
      <line num="53" count="0" type="stmt"/>
      <line num="55" count="0" type="cond" truecount="0" falsecount="2"/>
      <line num="56" count="0" type="stmt"/>
      <line num="57" count="0" type="stmt"/>
      <line num="58" count="0" type="stmt"/>
      <line num="63" count="0" type="stmt"/>
      <line num="64" count="0" type="stmt"/>
      <line num="65" count="0" type="stmt"/>
      <line num="66" count="0" type="stmt"/>
      <line num="69" count="0" type="cond" truecount="0" falsecount="2"/>
      <line num="70" count="0" type="stmt"/>
      <line num="71" count="0" type="stmt"/>
      <line num="72" count="0" type="stmt"/>
      <line num="77" count="0" type="stmt"/>
      <line num="84" count="5" type="stmt"/>
      <line num="87" count="0" type="stmt"/>
      <line num="88" count="1" type="stmt"/>
      <line num="89" count="1" type="stmt"/>
    </file>
  </project>
</coverage>
