{"C:\\Users\\Enes ATEŞ\\Desktop\\4 Sınıf 2 Dönem\\Web Programlama 2\\Hafta 4\\odev4\\src\\app.jsx": {"path":"C:\\Users\\Enes ATEŞ\\Desktop\\4 Sınıf 2 Dönem\\Web Programlama 2\\Hafta 4\\odev4\\src\\app.jsx","statementMap":{"0":{"start":{"line":7,"column":4},"end":{"line":11,"column":5}},"1":{"start":{"line":14,"column":0},"end":{"line":14,"column":56}}},"fnMap":{"0":{"name":"(anonymous_0)","decl":{"start":{"line":6,"column":2},"end":{"line":6,"column":3}},"loc":{"start":{"line":6,"column":10},"end":{"line":12,"column":3}},"line":6}},"branchMap":{},"s":{"0":0,"1":0},"f":{"0":0},"b":{}}
,"C:\\Users\\Enes ATEŞ\\Desktop\\4 Sınıf 2 Dönem\\Web Programlama 2\\Hafta 4\\odev4\\src\\game.jsx": {"path":"C:\\Users\\Enes ATEŞ\\Desktop\\4 Sınıf 2 Dönem\\Web Programlama 2\\Hafta 4\\odev4\\src\\game.jsx","statementMap":{"0":{"start":{"line":5,"column":8},"end":{"line":5,"column":21}},"1":{"start":{"line":6,"column":26},"end":{"line":19,"column":9}},"2":{"start":{"line":20,"column":10},"end":{"line":26,"column":9}},"3":{"start":{"line":29,"column":17},"end":{"line":48,"column":7}},"4":{"start":{"line":30,"column":8},"end":{"line":30,"column":61}},"5":{"start":{"line":30,"column":40},"end":{"line":30,"column":59}},"6":{"start":{"line":31,"column":8},"end":{"line":33,"column":8}},"7":{"start":{"line":35,"column":8},"end":{"line":47,"column":8}},"8":{"start":{"line":36,"column":10},"end":{"line":39,"column":12}},"9":{"start":{"line":41,"column":23},"end":{"line":41,"column":63}},"10":{"start":{"line":42,"column":8},"end":{"line":42,"column":67}},"11":{"start":{"line":43,"column":8},"end":{"line":46,"column":10}},"12":{"start":{"line":44,"column":16},"end":{"line":44,"column":49}},"13":{"start":{"line":51,"column":24},"end":{"line":51,"column":56}},"14":{"start":{"line":52,"column":28},"end":{"line":52,"column":51}},"15":{"start":{"line":53,"column":26},"end":{"line":53,"column":47}},"16":{"start":{"line":55,"column":8},"end":{"line":76,"column":9}},"17":{"start":{"line":56,"column":10},"end":{"line":56,"column":25}},"18":{"start":{"line":57,"column":20},"end":{"line":57,"column":134}},"19":{"start":{"line":58,"column":10},"end":{"line":61,"column":12}},"20":{"start":{"line":63,"column":10},"end":{"line":63,"column":26}},"21":{"start":{"line":64,"column":21},"end":{"line":64,"column":90}},"22":{"start":{"line":65,"column":10},"end":{"line":65,"column":80}},"23":{"start":{"line":66,"column":10},"end":{"line":68,"column":12}},"24":{"start":{"line":69,"column":10},"end":{"line":75,"column":11}},"25":{"start":{"line":70,"column":12},"end":{"line":70,"column":33}},"26":{"start":{"line":71,"column":22},"end":{"line":71,"column":121}},"27":{"start":{"line":72,"column":12},"end":{"line":74,"column":14}},"28":{"start":{"line":77,"column":8},"end":{"line":80,"column":10}},"29":{"start":{"line":84,"column":8},"end":{"line":93,"column":8}},"30":{"start":{"line":87,"column":92},"end":{"line":87,"column":108}},"31":{"start":{"line":88,"column":92},"end":{"line":88,"column":108}},"32":{"start":{"line":89,"column":92},"end":{"line":89,"column":108}}},"fnMap":{"0":{"name":"(anonymous_0)","decl":{"start":{"line":4,"column":4},"end":{"line":4,"column":5}},"loc":{"start":{"line":4,"column":22},"end":{"line":27,"column":7}},"line":4},"1":{"name":"(anonymous_1)","decl":{"start":{"line":29,"column":17},"end":{"line":29,"column":18}},"loc":{"start":{"line":29,"column":25},"end":{"line":48,"column":7}},"line":29},"2":{"name":"(anonymous_2)","decl":{"start":{"line":30,"column":34},"end":{"line":30,"column":35}},"loc":{"start":{"line":30,"column":40},"end":{"line":30,"column":59}},"line":30},"3":{"name":"(anonymous_3)","decl":{"start":{"line":44,"column":10},"end":{"line":44,"column":11}},"loc":{"start":{"line":44,"column":16},"end":{"line":44,"column":49}},"line":44},"4":{"name":"(anonymous_4)","decl":{"start":{"line":50,"column":6},"end":{"line":50,"column":7}},"loc":{"start":{"line":50,"column":21},"end":{"line":81,"column":7}},"line":50},"5":{"name":"(anonymous_5)","decl":{"start":{"line":83,"column":6},"end":{"line":83,"column":7}},"loc":{"start":{"line":83,"column":14},"end":{"line":94,"column":7}},"line":83},"6":{"name":"(anonymous_6)","decl":{"start":{"line":87,"column":84},"end":{"line":87,"column":85}},"loc":{"start":{"line":87,"column":91},"end":{"line":87,"column":109}},"line":87},"7":{"name":"(anonymous_7)","decl":{"start":{"line":88,"column":84},"end":{"line":88,"column":85}},"loc":{"start":{"line":88,"column":91},"end":{"line":88,"column":109}},"line":88},"8":{"name":"(anonymous_8)","decl":{"start":{"line":89,"column":84},"end":{"line":89,"column":85}},"loc":{"start":{"line":89,"column":91},"end":{"line":89,"column":109}},"line":89}},"branchMap":{"0":{"loc":{"start":{"line":35,"column":8},"end":{"line":47,"column":8}},"type":"if","locations":[{"start":{"line":35,"column":8},"end":{"line":47,"column":8}},{"start":{"line":35,"column":8},"end":{"line":47,"column":8}}],"line":35},"1":{"loc":{"start":{"line":55,"column":8},"end":{"line":76,"column":9}},"type":"if","locations":[{"start":{"line":55,"column":8},"end":{"line":76,"column":9}},{"start":{"line":55,"column":8},"end":{"line":76,"column":9}}],"line":55},"2":{"loc":{"start":{"line":69,"column":10},"end":{"line":75,"column":11}},"type":"if","locations":[{"start":{"line":69,"column":10},"end":{"line":75,"column":11}},{"start":{"line":69,"column":10},"end":{"line":75,"column":11}}],"line":69}},"s":{"0":3,"1":3,"2":3,"3":3,"4":2,"5":6,"6":2,"7":2,"8":2,"9":2,"10":2,"11":0,"12":0,"13":0,"14":0,"15":0,"16":0,"17":0,"18":0,"19":0,"20":0,"21":0,"22":0,"23":0,"24":0,"25":0,"26":0,"27":0,"28":0,"29":5,"30":0,"31":1,"32":1},"f":{"0":3,"1":2,"2":6,"3":0,"4":0,"5":5,"6":0,"7":1,"8":1},"b":{"0":[2,0],"1":[0,0],"2":[0,0]},"_coverageSchema":"1a1c01bbd47fc00a2c39e90264f33305004495a9","hash":"8de4a379215215a9e72f401d6cecd61c49de3bd4"}
}
